<?xml version="1.0" encoding="UTF-8"?>
<robot generator="Robot 7.3.2 (Python 3.12.2 on win32)" generated="2025-12-18T07:39:01.692583" rpa="false" schemaversion="5">
<suite id="s1" name="Tests Robot" source="e:\essai\tests_robot">
<suite id="s1-s1" name="Api Tests" source="e:\essai\tests_robot\api_tests.robot">
<test id="s1-s1-t1" name="Verify Register Page Exists (via GET or check API)" line="9">
<kw name="Create Session" owner="RequestsLibrary">
<msg time="2025-12-18T07:39:02.166131" level="INFO">Creating Session using : alias=api, url=http://localhost:8000/api, headers={},                     cookies={}, auth=None, timeout=None, proxies=None, verify=False,                     debug=0 </msg>
<arg>api</arg>
<arg>${API_URL}</arg>
<doc>Create Session: create a HTTP session to a server</doc>
<status status="PASS" start="2025-12-18T07:39:02.163114" elapsed="0.003017"/>
</kw>
<kw name="GET On Session" owner="RequestsLibrary">
<msg time="2025-12-18T07:39:07.804602" level="INFO">GET Request : url=http://localhost:8000/api/prestataires 
 path_url=/api/prestataires 
 headers={'User-Agent': 'python-requests/2.32.5', 'Accept-Encoding': 'gzip, deflate', 'Accept': '*/*', 'Connection': 'keep-alive'} 
 body=None 
 </msg>
<msg time="2025-12-18T07:39:07.815494" level="INFO">GET Response : url=http://localhost:8000/api/prestataires 
 status=500, reason=Internal Server Error 
 headers={'Host': 'localhost:8000', 'Connection': 'close', 'X-Powered-By': 'PHP/8.2.12', 'Cache-Control': 'no-cache, private', 'date': 'Thu, 18 Dec 2025 06:39:07 GMT', 'Content-Type': 'text/html; charset=UTF-8', 'Access-Control-Allow-Origin': '*'} 
 body=&lt;!DOCTYPE html&gt;
&lt;html lang="en"&gt;
&lt;head&gt;
    &lt;meta charset="utf-8" /&gt;
    &lt;meta name="viewport" content="width=device-width, initial-scale=1, maximum-scale=1, user-scalable=no"&gt;

    &lt;title&gt;Laravel&lt;/title&gt;

    &lt;link
        rel="icon" type="image/svg+xml"
        href="data:image/svg+xml,%3Csvg viewBox='0 -.11376601 49.74245785 51.31690859' xmlns='http://www.w3.org/2000/svg'%3E%3Cpath d='m49.626 11.564a.809.809 0 0 1 .028.209v10.972a.8.8 0 0 1 -.402.694l-9.209 5.302v10.509c0 .286-.152.55-.4.694l-19.223 11.066c-.044.025-.092.041-.14.058-.018.006-.035.017-.054.022a.805.805 0 0 1 -.41 0c-.022-.006-.042-.018-.063-.026-.044-.016-.09-.03-.132-.054l-19.219-11.066a.801.801 0 0 1 -.402-.694v-32.916c0-.072.01-.142.028-.21.006-.023.02-.044.028-.067.015-.042.029-.085.051-.124.015-.026.037-.047.055-.071.023-.032.044-.065.071-.093.023-.023.053-.04.079-.06.029-.024.055-.05.088-.069h.001l9.61-5.533a.802.802 0 0 1 .8 0l9.61 5.533h.002c.032.02.059.045.088.068.026.02.055.038.078.06.028.029.048.062.072.094.017.024.04.045.054.071.023.04.036.082.052.124.008.023.022.044.028.068a.809.809 0 0 1 .028.209v20.559l8.008-4.611v-10.51c0-.07.01-.141.028-.208.007-.024.02-.045.028-.068.016-.042.03-.085.052-.124.015-.026.037-.047.054-.071.024-.032.044-.065.072-.093.023-.023.052-.04.078-.06.03-.024.056-.05.088-.069h.001l9.611-5.533a.801.801 0 0 1 .8 0l9.61 5.533c.034.02.06.045.09.068.025.02.054.038.077.06.028.029.048.062.072.094.018.024.04.045.054.071.023.039.036.082.052.124.009.023.022.044.028.068zm-1.574 10.718v-9.124l-3.363 1.936-4.646 2.675v9.124l8.01-4.611zm-9.61 16.505v-9.13l-4.57 2.61-13.05 7.448v9.216zm-36.84-31.068v31.068l17.618 10.143v-9.214l-9.204-5.209-.003-.002-.004-.002c-.031-.018-.057-.044-.086-.066-.025-.02-.054-.036-.076-.058l-.002-.003c-.026-.025-.044-.056-.066-.084-.02-.027-.044-.05-.06-.078l-.001-.003c-.018-.03-.029-.066-.042-.1-.013-.03-.03-.058-.038-.09v-.001c-.01-.038-.012-.078-.016-.117-.004-.03-.012-.06-.012-.09v-21.483l-4.645-2.676-3.363-1.934zm8.81-5.994-8.007 4.609 8.005 4.609 8.006-4.61-8.006-4.608zm4.164 28.764 4.645-2.674v-20.096l-3.363 1.936-4.646 2.675v20.096zm24.667-23.325-8.006 4.609 8.006 4.609 8.005-4.61zm-.801 10.605-4.646-2.675-3.363-1.936v9.124l4.645 2.674 3.364 1.937zm-18.422 20.561 11.743-6.704 5.87-3.35-8-4.606-9.211 5.303-8.395 4.833z' fill='%23ff2d20'/%3E%3C/svg%3E"
    /&gt;

    &lt;style&gt;/*! tailwindcss v4.1.12 | MIT License | https://tailwindcss.com */@layer properties{@supports (((-webkit-hyphens:none)) and (not (margin-trim:inline))) or ((-moz-orient:inline) and (not (color:rgb(from red r g b)))){*,:before,:after,::backdrop{--tw-rotate-x:initial;--tw-rotate-y:initial;--tw-rotate-z:initial;--tw-skew-x:initial;--tw-skew-y:initial;--tw-divide-x-reverse:0;--tw-border-style:solid;--tw-divide-y-reverse:0;--tw-leading:initial;--tw-font-weight:initial;--tw-shadow:0 0 #0000;--tw-shadow-color:initial;--tw-shadow-alpha:100%;--tw-inset-shadow:0 0 #0000;--tw-inset-shadow-color:initial;--tw-inset-shadow-alpha:100%;--tw-ring-color:initial;--tw-ring-shadow:0 0 #0000;--tw-inset-ring-color:initial;--tw-inset-ring-shadow:0 0 #0000;--tw-ring-inset:initial;--tw-ring-offset-width:0px;--tw-ring-offset-color:#fff;--tw-ring-offset-shadow:0 0 #0000;--tw-blur:initial;--tw-brightness:initial;--tw-contrast:initial;--tw-grayscale:initial;--tw-hue-rotate:initial;--tw-invert:initial;--tw-opacity:initial;--tw-saturate:initial;--tw-sepia:initial;--tw-drop-shadow:initial;--tw-drop-shadow-color:initial;--tw-drop-shadow-alpha:100%;--tw-drop-shadow-size:initial;--tw-duration:initial;--tw-ease:initial;--tw-animation-delay:0s;--tw-animation-direction:normal;--tw-animation-duration:initial;--tw-animation-fill-mode:none;--tw-animation-iteration-count:1;--tw-enter-blur:0;--tw-enter-opacity:1;--tw-enter-rotate:0;--tw-enter-scale:1;--tw-enter-translate-x:0;--tw-enter-translate-y:0;--tw-exit-blur:0;--tw-exit-opacity:1;--tw-exit-rotate:0;--tw-exit-scale:1;--tw-exit-translate-x:0;--tw-exit-translate-y:0;--tw-backdrop-blur:initial;--tw-backdrop-brightness:initial;--tw-backdrop-contrast:initial;--tw-backdrop-grayscale:initial;--tw-backdrop-hue-rotate:initial;--tw-backdrop-invert:initial;--tw-backdrop-opacity:initial;--tw-backdrop-saturate:initial;--tw-backdrop-sepia:initial}}}@layer theme{:root,:host{--font-sans:ui-sans-serif,system-ui,sans-serif,"Apple Color Emoji","Segoe UI Emoji","Segoe UI Symbol","Noto Color Emoji";--font-mono:ui-monospace,SFMono-Regular,Menlo,Monaco,Consolas,"Liberation Mono","Courier New",monospace;--color-amber-200:oklch(92.4% .12 95.746);--color-amber-300:oklch(87.9% .169 91.605);--color-amber-500:oklch(76.9% .188 70.08);--color-amber-600:oklch(66.6% .179 58.318);--color-amber-800:oklch(47.3% .137 46.201);--color-amber-900:oklch(41.4% .112 45.904);--color-amber-950:oklch(27.9% .077 45.635);--color-emerald-200:oklch(90.5% .093 164.15);--color-emerald-400:oklch(76.5% .177 163.223);--color-emerald-500:oklch(69.6% .17 162.48);--color-emerald-600:oklch(59.6% .145 163.225);--color-emerald-900:oklch(37.8% .077 168.94);--color-blue-100:oklch(93.2% .032 255.585);--color-blue-300:oklch(80.9% .105 251.813);--color-blue-500:oklch(62.3% .214 259.815);--color-blue-600:oklch(54.6% .245 262.881);--color-blue-700:oklch(48.8% .243 264.376);--color-blue-800:oklch(42.4% .199 265.638);--color-blue-900:oklch(37.9% .146 265.522);--color-blue-950:oklch(28.2% .091 267.935);--color-rose-100:oklch(94.1% .03 12.58);--color-rose-200:oklch(89.2% .058 10.001);--color-rose-500:oklch(64.5% .246 16.439);--color-rose-600:oklch(58.6% .253 17.585);--color-rose-900:oklch(41% .159 10.272);--color-rose-950:oklch(27.1% .105 12.094);--color-neutral-50:oklch(98.5% 0 0);--color-neutral-100:oklch(97% 0 0);--color-neutral-200:oklch(92.2% 0 0);--color-neutral-300:oklch(87% 0 0);--color-neutral-400:oklch(70.8% 0 0);--color-neutral-500:oklch(55.6% 0 0);--color-neutral-600:oklch(43.9% 0 0);--color-neutral-700:oklch(37.1% 0 0);--color-neutral-800:oklch(26.9% 0 0);--color-neutral-900:oklch(20.5% 0 0);--color-neutral-950:oklch(14.5% 0 0);--color-black:#000;--color-white:#fff;--spacing:.25rem;--container-7xl:80rem;--text-xs:.75rem;--text-xs--line-height:calc(1/.75);--text-sm:.875rem;--text-sm--line-height:calc(1.25/.875);--text-base:1rem;--text-base--line-height: 1.5 ;--text-lg:1.125rem;--text-lg--line-height:calc(1.75/1.125);--text-xl:1.25rem;--text-xl--line-height:calc(1.75/1.25);--text-3xl:1.875rem;--text-3xl--line-height: 1.2 ;--font-weight-light:300;--font-weight-medium:500;--font-weight-semibold:600;--radius-md:.375rem;--radius-lg:.5rem;--radius-xl:.75rem;--ease-in-out:cubic-bezier(.4,0,.2,1);--blur-md:12px;--default-transition-duration:.15s;--default-transition-timing-function:cubic-bezier(.4,0,.2,1);--default-font-family:var(--font-sans);--default-mono-font-family:var(--font-mono)}}@layer base{*,:after,:before,::backdrop{box-sizing:border-box;border:0 solid;margin:0;padding:0}::file-selector-button{box-sizing:border-box;border:0 solid;margin:0;padding:0}html,:host{-webkit-text-size-adjust:100%;tab-size:4;line-height:1.5;font-family:var(--default-font-family,ui-sans-serif,system-ui,sans-serif,"Apple Color Emoji","Segoe UI Emoji","Segoe UI Symbol","Noto Color Emoji");font-feature-settings:var(--default-font-feature-settings,normal);font-variation-settings:var(--default-font-variation-settings,normal);-webkit-tap-highlight-color:transparent}hr{height:0;color:inherit;border-top-width:1px}abbr:where([title]){-webkit-text-decoration:underline dotted;text-decoration:underline dotted}h1,h2,h3,h4,h5,h6{font-size:inherit;font-weight:inherit}a{color:inherit;-webkit-text-decoration:inherit;text-decoration:inherit}b,strong{font-weight:bolder}code,kbd,samp,pre{font-family:var(--default-mono-font-family,ui-monospace,SFMono-Regular,Menlo,Monaco,Consolas,"Liberation Mono","Courier New",monospace);font-feature-settings:var(--default-mono-font-feature-settings,normal);font-variation-settings:var(--default-mono-font-variation-settings,normal);font-size:1em}small{font-size:80%}sub,sup{vertical-align:baseline;font-size:75%;line-height:0;position:relative}sub{bottom:-.25em}sup{top:-.5em}table{text-indent:0;border-color:inherit;border-collapse:collapse}:-moz-focusring{outline:auto}progress{vertical-align:baseline}summary{display:list-item}ol,ul,menu{list-style:none}img,svg,video,canvas,audio,iframe,embed,object{vertical-align:middle;display:block}img,video{max-width:100%;height:auto}button,input,select,optgroup,textarea{font:inherit;font-feature-settings:inherit;font-variation-settings:inherit;letter-spacing:inherit;color:inherit;opacity:1;background-color:#0000;border-radius:0}::file-selector-button{font:inherit;font-feature-settings:inherit;font-variation-settings:inherit;letter-spacing:inherit;color:inherit;opacity:1;background-color:#0000;border-radius:0}:where(select:is([multiple],[size])) optgroup{font-weight:bolder}:where(select:is([multiple],[size])) optgroup option{padding-inline-start:20px}::file-selector-button{margin-inline-end:4px}::placeholder{opacity:1}@supports (not ((-webkit-appearance:-apple-pay-button))) or (contain-intrinsic-size:1px){::placeholder{color:currentColor}@supports (color:color-mix(in lab,red,red)){::placeholder{color:color-mix(in oklab,currentcolor 50%,transparent)}}}textarea{resize:vertical}::-webkit-search-decoration{-webkit-appearance:none}::-webkit-date-and-time-value{min-height:1lh;text-align:inherit}::-webkit-datetime-edit{display:inline-flex}::-webkit-datetime-edit-fields-wrapper{padding:0}::-webkit-datetime-edit{padding-block:0}::-webkit-datetime-edit-year-field{padding-block:0}::-webkit-datetime-edit-month-field{padding-block:0}::-webkit-datetime-edit-day-field{padding-block:0}::-webkit-datetime-edit-hour-field{padding-block:0}::-webkit-datetime-edit-minute-field{padding-block:0}::-webkit-datetime-edit-second-field{padding-block:0}::-webkit-datetime-edit-millisecond-field{padding-block:0}::-webkit-datetime-edit-meridiem-field{padding-block:0}::-webkit-calendar-picker-indicator{line-height:1}:-moz-ui-invalid{box-shadow:none}button,input:where([type=butt... (set the log level to DEBUG or TRACE to see the full content) 
 </msg>
<msg time="2025-12-18T07:39:07.815494" level="FAIL">Url: http://localhost:8000/api/prestataires Expected status: 500 != 401</msg>
<var>${response}</var>
<arg>api</arg>
<arg>/prestataires</arg>
<arg>expected_status=401</arg>
<doc>Sends a GET request on a previously created HTTP Session.</doc>
<status status="FAIL" start="2025-12-18T07:39:02.166131" elapsed="5.654114">Url: http://localhost:8000/api/prestataires Expected status: 500 != 401</status>
</kw>
<kw name="Should Be Equal As Integers" owner="BuiltIn">
<arg>${response.status_code}</arg>
<arg>401</arg>
<doc>Fails if objects are unequal after converting them to integers.</doc>
<status status="NOT RUN" start="2025-12-18T07:39:07.820245" elapsed="0.000000"/>
</kw>
<kw name="Log" owner="BuiltIn">
<arg>Authentication Required as Expected</arg>
<doc>Logs the given message with the given level.</doc>
<status status="NOT RUN" start="2025-12-18T07:39:07.820245" elapsed="0.000000"/>
</kw>
<status status="FAIL" start="2025-12-18T07:39:02.163114" elapsed="5.660646">Url: http://localhost:8000/api/prestataires Expected status: 500 != 401</status>
</test>
<test id="s1-s1-t2" name="Verify Public Login Route" line="15">
<kw name="Create Session" owner="RequestsLibrary">
<msg time="2025-12-18T07:39:07.825811" level="INFO">Creating Session using : alias=api, url=http://localhost:8000/api, headers={},                     cookies={}, auth=None, timeout=None, proxies=None, verify=False,                     debug=0 </msg>
<arg>api</arg>
<arg>${API_URL}</arg>
<doc>Create Session: create a HTTP session to a server</doc>
<status status="PASS" start="2025-12-18T07:39:07.825258" elapsed="0.001085"/>
</kw>
<kw name="POST On Session" owner="RequestsLibrary">
<msg time="2025-12-18T07:39:14.615387" level="INFO">POST Request : url=http://localhost:8000/api/login (redirected) 
 path_url=/api/login 
 headers={'User-Agent': 'python-requests/2.32.5', 'Accept-Encoding': 'gzip, deflate', 'Accept': '*/*', 'Connection': 'keep-alive', 'Content-Length': '0'} 
 body=None 
 </msg>
<msg time="2025-12-18T07:39:14.615387" level="INFO">GET Response : url=http://localhost:8000 
 status=200, reason=OK 
 headers={'Host': 'localhost:8000', 'Connection': 'close', 'X-Powered-By': 'PHP/8.2.12', 'Content-Type': 'text/html; charset=UTF-8', 'Cache-Control': 'no-cache, private', 'Date': 'Thu, 18 Dec 2025 06:39:14 GMT', 'Set-Cookie': 'XSRF-TOKEN=eyJpdiI6Im1RSEFuSE95VlVKR0pnd2RuZXRNVVE9PSIsInZhbHVlIjoiaE1Sbjh6YkFrZklCT0VRTmUwa2Z4Umx6UWErWCsyZlFoMHdRa1czUXBVYnkzbCt2bTlQTXJsZDFLblNrTmZtcmIwQVdraSs4VENuQ3Q5ZldXQitITCtCWktqYjRYZGFaL0hHbWJCR2dhN2dlZjhwMlUzYmtaRE5PczVZUFY3WVIiLCJtYWMiOiJkZDg3NGI0OGZlMWQxYjZhMWIzYzIwNTdkMjUwOTM4ZDQyNTVmYmM5NDA1NDg2MzcwYzA0MzBhOWIxN2ZmMWM5IiwidGFnIjoiIn0%3D; expires=Thu, 18 Dec 2025 08:39:14 GMT; Max-Age=7200; path=/; samesite=lax, laravel-session=eyJpdiI6IkhOcG9RekR2VUdoanAzczhLSUY5T3c9PSIsInZhbHVlIjoiS2xiTGRuT3BHUWxDVlNhSFcxYzk3UG5xL251N20xZTlpejRVRHVac3V5R3pMamZiTTVaN21TQWlFYkpkVnpCV1FmOTkyZ3FnVmRmUHN4QzdZaVBmT3NTMm84VWJVcnFqVkxhMDArQXZRUEF5OGtza2w5TDgvL0doT3UrdFBoNUsiLCJtYWMiOiJiYTNkMWYyN2NkMmNlOTM2NGY1MGRmYmZhZjkzMjQ1ZjdkZTBhM2ZiYjJkY2Q3MDNjZWM2MTI0NWVlMmVlYTJkIiwidGFnIjoiIn0%3D; expires=Thu, 18 Dec 2025 08:39:14 GMT; Max-Age=7200; path=/; httponly; samesite=lax'} 
 body=&lt;!DOCTYPE html&gt;
&lt;html lang="en"&gt;
    &lt;head&gt;
        &lt;meta charset="utf-8"&gt;
        &lt;meta name="viewport" content="width=device-width, initial-scale=1"&gt;

        &lt;title&gt;Laravel&lt;/title&gt;

        &lt;!-- Fonts --&gt;
        &lt;link rel="preconnect" href="https://fonts.bunny.net"&gt;
        &lt;link href="https://fonts.bunny.net/css?family=instrument-sans:400,500,600" rel="stylesheet" /&gt;

        &lt;!-- Styles / Scripts --&gt;
                    &lt;style&gt;
                /*! tailwindcss v4.0.7 | MIT License | https://tailwindcss.com */@layer theme{:root,:host{--font-sans:'Instrument Sans',ui-sans-serif,system-ui,sans-serif,"Apple Color Emoji","Segoe UI Emoji","Segoe UI Symbol","Noto Color Emoji";--font-serif:ui-serif,Georgia,Cambria,"Times New Roman",Times,serif;--font-mono:ui-monospace,SFMono-Regular,Menlo,Monaco,Consolas,"Liberation Mono","Courier New",monospace;--color-red-50:oklch(.971 .013 17.38);--color-red-100:oklch(.936 .032 17.717);--color-red-200:oklch(.885 .062 18.334);--color-red-300:oklch(.808 .114 19.571);--color-red-400:oklch(.704 .191 22.216);--color-red-500:oklch(.637 .237 25.331);--color-red-600:oklch(.577 .245 27.325);--color-red-700:oklch(.505 .213 27.518);--color-red-800:oklch(.444 .177 26.899);--color-red-900:oklch(.396 .141 25.723);--color-red-950:oklch(.258 .092 26.042);--color-orange-50:oklch(.98 .016 73.684);--color-orange-100:oklch(.954 .038 75.164);--color-orange-200:oklch(.901 .076 70.697);--color-orange-300:oklch(.837 .128 66.29);--color-orange-400:oklch(.75 .183 55.934);--color-orange-500:oklch(.705 .213 47.604);--color-orange-600:oklch(.646 .222 41.116);--color-orange-700:oklch(.553 .195 38.402);--color-orange-800:oklch(.47 .157 37.304);--color-orange-900:oklch(.408 .123 38.172);--color-orange-950:oklch(.266 .079 36.259);--color-amber-50:oklch(.987 .022 95.277);--color-amber-100:oklch(.962 .059 95.617);--color-amber-200:oklch(.924 .12 95.746);--color-amber-300:oklch(.879 .169 91.605);--color-amber-400:oklch(.828 .189 84.429);--color-amber-500:oklch(.769 .188 70.08);--color-amber-600:oklch(.666 .179 58.318);--color-amber-700:oklch(.555 .163 48.998);--color-amber-800:oklch(.473 .137 46.201);--color-amber-900:oklch(.414 .112 45.904);--color-amber-950:oklch(.279 .077 45.635);--color-yellow-50:oklch(.987 .026 102.212);--color-yellow-100:oklch(.973 .071 103.193);--color-yellow-200:oklch(.945 .129 101.54);--color-yellow-300:oklch(.905 .182 98.111);--color-yellow-400:oklch(.852 .199 91.936);--color-yellow-500:oklch(.795 .184 86.047);--color-yellow-600:oklch(.681 .162 75.834);--color-yellow-700:oklch(.554 .135 66.442);--color-yellow-800:oklch(.476 .114 61.907);--color-yellow-900:oklch(.421 .095 57.708);--color-yellow-950:oklch(.286 .066 53.813);--color-lime-50:oklch(.986 .031 120.757);--color-lime-100:oklch(.967 .067 122.328);--color-lime-200:oklch(.938 .127 124.321);--color-lime-300:oklch(.897 .196 126.665);--color-lime-400:oklch(.841 .238 128.85);--color-lime-500:oklch(.768 .233 130.85);--color-lime-600:oklch(.648 .2 131.684);--color-lime-700:oklch(.532 .157 131.589);--color-lime-800:oklch(.453 .124 130.933);--color-lime-900:oklch(.405 .101 131.063);--color-lime-950:oklch(.274 .072 132.109);--color-green-50:oklch(.982 .018 155.826);--color-green-100:oklch(.962 .044 156.743);--color-green-200:oklch(.925 .084 155.995);--color-green-300:oklch(.871 .15 154.449);--color-green-400:oklch(.792 .209 151.711);--color-green-500:oklch(.723 .219 149.579);--color-green-600:oklch(.627 .194 149.214);--color-green-700:oklch(.527 .154 150.069);--color-green-800:oklch(.448 .119 151.328);--color-green-900:oklch(.393 .095 152.535);--color-green-950:oklch(.266 .065 152.934);--color-emerald-50:oklch(.979 .021 166.113);--color-emerald-100:oklch(.95 .052 163.051);--color-emerald-200:oklch(.905 .093 164.15);--color-emerald-300:oklch(.845 .143 164.978);--color-emerald-400:oklch(.765 .177 163.223);--color-emerald-500:oklch(.696 .17 162.48);--color-emerald-600:oklch(.596 .145 163.225);--color-emerald-700:oklch(.508 .118 165.612);--color-emerald-800:oklch(.432 .095 166.913);--color-emerald-900:oklch(.378 .077 168.94);--color-emerald-950:oklch(.262 .051 172.552);--color-teal-50:oklch(.984 .014 180.72);--color-teal-100:oklch(.953 .051 180.801);--color-teal-200:oklch(.91 .096 180.426);--color-teal-300:oklch(.855 .138 181.071);--color-teal-400:oklch(.777 .152 181.912);--color-teal-500:oklch(.704 .14 182.503);--color-teal-600:oklch(.6 .118 184.704);--color-teal-700:oklch(.511 .096 186.391);--color-teal-800:oklch(.437 .078 188.216);--color-teal-900:oklch(.386 .063 188.416);--color-teal-950:oklch(.277 .046 192.524);--color-cyan-50:oklch(.984 .019 200.873);--color-cyan-100:oklch(.956 .045 203.388);--color-cyan-200:oklch(.917 .08 205.041);--color-cyan-300:oklch(.865 .127 207.078);--color-cyan-400:oklch(.789 .154 211.53);--color-cyan-500:oklch(.715 .143 215.221);--color-cyan-600:oklch(.609 .126 221.723);--color-cyan-700:oklch(.52 .105 223.128);--color-cyan-800:oklch(.45 .085 224.283);--color-cyan-900:oklch(.398 .07 227.392);--color-cyan-950:oklch(.302 .056 229.695);--color-sky-50:oklch(.977 .013 236.62);--color-sky-100:oklch(.951 .026 236.824);--color-sky-200:oklch(.901 .058 230.902);--color-sky-300:oklch(.828 .111 230.318);--color-sky-400:oklch(.746 .16 232.661);--color-sky-500:oklch(.685 .169 237.323);--color-sky-600:oklch(.588 .158 241.966);--color-sky-700:oklch(.5 .134 242.749);--color-sky-800:oklch(.443 .11 240.79);--color-sky-900:oklch(.391 .09 240.876);--color-sky-950:oklch(.293 .066 243.157);--color-blue-50:oklch(.97 .014 254.604);--color-blue-100:oklch(.932 .032 255.585);--color-blue-200:oklch(.882 .059 254.128);--color-blue-300:oklch(.809 .105 251.813);--color-blue-400:oklch(.707 .165 254.624);--color-blue-500:oklch(.623 .214 259.815);--color-blue-600:oklch(.546 .245 262.881);--color-blue-700:oklch(.488 .243 264.376);--color-blue-800:oklch(.424 .199 265.638);--color-blue-900:oklch(.379 .146 265.522);--color-blue-950:oklch(.282 .091 267.935);--color-indigo-50:oklch(.962 .018 272.314);--color-indigo-100:oklch(.93 .034 272.788);--color-indigo-200:oklch(.87 .065 274.039);--color-indigo-300:oklch(.785 .115 274.713);--color-indigo-400:oklch(.673 .182 276.935);--color-indigo-500:oklch(.585 .233 277.117);--color-indigo-600:oklch(.511 .262 276.966);--color-indigo-700:oklch(.457 .24 277.023);--color-indigo-800:oklch(.398 .195 277.366);--color-indigo-900:oklch(.359 .144 278.697);--color-indigo-950:oklch(.257 .09 281.288);--color-violet-50:oklch(.969 .016 293.756);--color-violet-100:oklch(.943 .029 294.588);--color-violet-200:oklch(.894 .057 293.283);--color-violet-300:oklch(.811 .111 293.571);--color-violet-400:oklch(.702 .183 293.541);--color-violet-500:oklch(.606 .25 292.717);--color-violet-600:oklch(.541 .281 293.009);--color-violet-700:oklch(.491 .27 292.581);--color-violet-800:oklch(.432 .232 292.759);--color-violet-900:oklch(.38 .189 293.745);--color-violet-950:oklch(.283 .141 291.089);--color-purple-50:oklch(.977 .014 308.299);--color-purple-100:oklch(.946 .033 307.174);--color-purple-200:oklch(.902 .063 306.703);--color-purple-300:oklch(.827 .119 306.383);--color-purple-400:oklch(.714 .203 305.504);--color-purple-500:oklch(.627 .265 303.9);--color-purple-600:oklch(.558 .288 302.321);--color-purple-700:oklch(.496 .265 301.924);--color-purple-800:oklch(.438 .218 303.724);--color-purple-900:oklch(.381 .176 304.987);--color-purple-950:oklch(.291 .149 302.717);--color-fuchsia-50:oklch(.977 .017 320.058);--color-fuchsia-100:oklch(.952 .037 318.852);--color-fuchsia-200:oklch(.903 .076 319.62);--color-fuchsia-300:oklch(.833 .145 321.434);--color-fuchsia-400:oklch(.74 .238 322.16);--color-fuchsia-500:oklch(.667 .295 322.15);--color-fuchsia-600:oklch(.591 .293 322.896);--color-fuchsia-700:oklch(.518 .253 323.949);--color-fuchsia-800:oklch(.452 .211 324.591);--color-fuchsia-900:oklch(.401 .17 325.612);--color-fuchsia-950:oklch(.293 .136 325.661);--color-pink-50:oklch(.971 .014 343.198);--color-pink-100:oklch(.948 .028 342.258);--color-pink-200:oklch(.899 .061 343.231);--color-pink-300:oklch(.823 .12 346.018);--color-pink-400:oklch(.718 .202 349.761);--color-pink-500:oklch(.656 .241 354.308);--color-pink-600:oklch(.592 .249 .584);--color-pink-700:oklch(.525 .223 3.958);--color-pink-800:oklch(.459 .187 3.815);--color-pink-900:oklch(.408 .153 2.432);--color-pink-950:oklch(.284 .109 3.907);--color-rose-50:oklch(.969 .015 12.422);--color-rose-100:oklch(.941 .03 12.58);--color-rose-200:oklch(.892 .058 10.001);--color-rose-300:oklch(.81 .117 11.638);--color-rose-400:oklch(.712 .194 13.428);--color-rose-500:oklch(.645 .246 16.439);--color-rose-600:oklch(.586 .253 17.585);--color-rose-700:oklch(.514 .222 16.935);--color-rose-800:oklch(.455 .188 13.697);--color-rose-900:oklch(.41 .159 10.272);--color-rose-950:oklch(.271 .105 12.094);--color-slate-50:oklch(.984 .003 247.858);--color-slate-100:oklch(.968 .007 247.896);--color-slate-200:oklch(.929 .013 255.508);--color-slate-300:oklch(.869 .022 252.894);--color-slate-400:oklch(.704 .04 256.788);--color-slate-500:oklch(.554 .046 257.417);--color-slate-600:oklch(.446 .043 257.281);--color-slate-700:oklch(.372 .044 257.287);--color-slate-800:oklch(.279 .041 260.031);--color-slate-900:oklch(.208 .042 265.755);--color-slate-950:oklch(.129 .042 264.695);--color-gray-50:oklch(.985 .002 247.839);--color-gray-100:oklch(.967 .003 264.542);--color-gray-200:oklch(.928 .006 264.531);--color-gray-300:oklch(.872 .01 258.338);--color-gray-400:oklch(.707 .022 261.325);--color-gray-500:oklch(.551 .027 264.364);--color-gray-600:oklch(.446 .03 256.802);--color-gray-700:oklch(.373 .034 259.733);--color-gray-800:oklch(.278 .033 256.848);--color-gray-900:oklch(.21 .034 264.665);--color-gray-950:oklch(.13 .028 261.692);--color-zinc-50:oklch(.985 0 0);--color-zinc-100:oklch(.967 .001 286.375);--color-zinc-200:oklch(.92 .004 286.32);--color-zinc-300:oklch(.871 .006 286.286);--color-zinc-400:oklch(.705 .015 286.067);--color-zinc-500:oklch(.552 .016 285.938);--color-zinc-600:oklch(.442 .017 285.786);--color-zinc-700:oklch(.37 .013 285.805)... (set the log level to DEBUG or TRACE to see the full content) 
 </msg>
<msg time="2025-12-18T07:39:14.615387" level="INFO">${response} = &lt;Response [200]&gt;</msg>
<var>${response}</var>
<arg>api</arg>
<arg>/login</arg>
<arg>expected_status=any</arg>
<doc>Sends a POST request on a previously created HTTP Session.</doc>
<status status="PASS" start="2025-12-18T07:39:07.826578" elapsed="6.788809"/>
</kw>
<kw name="Log" owner="BuiltIn">
<msg time="2025-12-18T07:39:14.618020" level="INFO">Login status: 200</msg>
<arg>Login status: ${response.status_code}</arg>
<doc>Logs the given message with the given level.</doc>
<status status="PASS" start="2025-12-18T07:39:14.615387" elapsed="0.002633"/>
</kw>
<status status="PASS" start="2025-12-18T07:39:07.824673" elapsed="6.793347"/>
</test>
<status status="FAIL" start="2025-12-18T07:39:01.737025" elapsed="12.882661"/>
</suite>
<suite id="s1-s2" name="Smoke Tests" source="e:\essai\tests_robot\smoke_tests.robot">
<test id="s1-s2-t1" name="Verify Landing Page" line="9">
<kw name="Open Browser" owner="SeleniumLibrary">
<msg time="2025-12-18T07:39:15.294776" level="INFO">Opening browser 'Chrome' to base url 'http://localhost:5173'.</msg>
<arg>${URL}</arg>
<arg>${BROWSER}</arg>
<doc>Opens a new browser instance to the optional ``url``.</doc>
<status status="PASS" start="2025-12-18T07:39:15.294165" elapsed="5.755905"/>
</kw>
<kw name="Maximize Browser Window" owner="SeleniumLibrary">
<doc>Maximizes current browser window.</doc>
<status status="PASS" start="2025-12-18T07:39:21.052106" elapsed="0.198632"/>
</kw>
<kw name="Title Should Be" owner="SeleniumLibrary">
<msg time="2025-12-18T07:39:21.332815" level="INFO">Page title is 'frontend_mobile'.</msg>
<arg>frontend_mobile</arg>
<doc>Verifies that the current page title equals ``title``.</doc>
<status status="PASS" start="2025-12-18T07:39:21.252276" elapsed="0.080539"/>
</kw>
<kw name="Page Should Contain" owner="SeleniumLibrary">
<msg time="2025-12-18T07:39:21.421161" level="INFO">Current page contains text 'Vous êtes un professionnel ?'.</msg>
<arg>Vous êtes un professionnel ?</arg>
<doc>Verifies that current page contains ``text``.</doc>
<status status="PASS" start="2025-12-18T07:39:21.332815" elapsed="0.088346"/>
</kw>
<kw name="Page Should Contain" owner="SeleniumLibrary">
<msg time="2025-12-18T07:39:21.472000" level="INFO">Current page contains text 'Devenir Prestataire'.</msg>
<arg>Devenir Prestataire</arg>
<doc>Verifies that current page contains ``text``.</doc>
<status status="PASS" start="2025-12-18T07:39:21.421161" elapsed="0.050839"/>
</kw>
<kw name="Close Browser" owner="SeleniumLibrary" type="TEARDOWN">
<doc>Closes the current browser.</doc>
<status status="PASS" start="2025-12-18T07:39:21.472000" elapsed="2.874510"/>
</kw>
<status status="PASS" start="2025-12-18T07:39:15.290894" elapsed="9.055616"/>
</test>
<test id="s1-s2-t2" name="Verify Navigation To Login" line="17">
<kw name="Open Browser" owner="SeleniumLibrary">
<msg time="2025-12-18T07:39:24.346510" level="INFO">Opening browser 'Chrome' to base url 'http://localhost:5173'.</msg>
<arg>${URL}</arg>
<arg>${BROWSER}</arg>
<doc>Opens a new browser instance to the optional ``url``.</doc>
<status status="PASS" start="2025-12-18T07:39:24.346510" elapsed="4.413625"/>
</kw>
<kw name="Click Link" owner="SeleniumLibrary">
<msg time="2025-12-18T07:39:28.764208" level="INFO">Clicking link '/login'.</msg>
<arg>/login</arg>
<doc>Clicks a link identified by ``locator``.</doc>
<status status="PASS" start="2025-12-18T07:39:28.763178" elapsed="0.416258"/>
</kw>
<kw name="Wait Until Page Contains" owner="SeleniumLibrary">
<arg>Connexion</arg>
<doc>Waits until ``text`` appears on the current page.</doc>
<status status="PASS" start="2025-12-18T07:39:29.179719" elapsed="0.234129"/>
</kw>
<kw name="Page Should Contain Element" owner="SeleniumLibrary">
<msg time="2025-12-18T07:39:29.433192" level="INFO">Current page contains element 'xpath=//input[@type='email']'.</msg>
<arg>xpath=//input[@type='email']</arg>
<doc>Verifies that element ``locator`` is found on the current page.</doc>
<status status="PASS" start="2025-12-18T07:39:29.413848" elapsed="0.019344"/>
</kw>
<kw name="Page Should Contain Element" owner="SeleniumLibrary">
<msg time="2025-12-18T07:39:29.458307" level="INFO">Current page contains element 'xpath=//input[@type='password']'.</msg>
<arg>xpath=//input[@type='password']</arg>
<doc>Verifies that element ``locator`` is found on the current page.</doc>
<status status="PASS" start="2025-12-18T07:39:29.433192" elapsed="0.025115"/>
</kw>
<kw name="Close Browser" owner="SeleniumLibrary" type="TEARDOWN">
<doc>Closes the current browser.</doc>
<status status="PASS" start="2025-12-18T07:39:29.458307" elapsed="2.392536"/>
</kw>
<status status="PASS" start="2025-12-18T07:39:24.346510" elapsed="7.504923"/>
</test>
<status status="PASS" start="2025-12-18T07:39:14.620224" elapsed="17.234050"/>
</suite>
<status status="FAIL" start="2025-12-18T07:39:01.694736" elapsed="30.161534"/>
</suite>
<statistics>
<total>
<stat pass="3" fail="1" skip="0">All Tests</stat>
</total>
<tag>
</tag>
<suite>
<stat name="Tests Robot" id="s1" pass="3" fail="1" skip="0">Tests Robot</stat>
<stat name="Api Tests" id="s1-s1" pass="1" fail="1" skip="0">Tests Robot.Api Tests</stat>
<stat name="Smoke Tests" id="s1-s2" pass="2" fail="0" skip="0">Tests Robot.Smoke Tests</stat>
</suite>
</statistics>
<errors>
</errors>
</robot>
